mode: set
github.com/arsheenali/gracewrap/examples/mixed_service/main.go:13.13,19.81 3 0
github.com/arsheenali/gracewrap/examples/mixed_service/main.go:19.81,21.3 1 0
github.com/arsheenali/gracewrap/examples/mixed_service/main.go:23.2,34.54 5 0
github.com/arsheenali/gracewrap/examples/mixed_service/main.go:34.54,36.3 1 0
github.com/arsheenali/gracewrap/examples/mixed_service/main.go:39.2,45.16 3 0
github.com/arsheenali/gracewrap/examples/mixed_service/main.go:45.16,47.3 1 0
github.com/arsheenali/gracewrap/examples/mixed_service/main.go:49.2,58.43 8 0
github.com/arsheenali/gracewrap/examples/mixed_service/main.go:58.43,60.3 1 0
github.com/arsheenali/gracewrap/examples/mixed_service/main.go:62.2,62.48 1 0
github.com/arsheenali/gracewrap/examples/grpc_server/main.go:16.94,18.2 1 0
github.com/arsheenali/gracewrap/examples/grpc_server/main.go:34.13,51.16 6 0
github.com/arsheenali/gracewrap/examples/grpc_server/main.go:51.16,53.3 1 0
github.com/arsheenali/gracewrap/examples/grpc_server/main.go:55.2,60.43 4 0
github.com/arsheenali/gracewrap/examples/grpc_server/main.go:60.43,62.3 1 0
github.com/arsheenali/gracewrap/examples/grpc_server/main.go:64.2,64.46 1 0
github.com/arsheenali/gracewrap/examples/grpc_server/main.go:68.68,71.2 0 0
github.com/arsheenali/gracewrap/examples/http_server/main.go:13.13,16.67 2 0
github.com/arsheenali/gracewrap/examples/http_server/main.go:16.67,18.3 1 0
github.com/arsheenali/gracewrap/examples/http_server/main.go:19.2,19.71 1 0
github.com/arsheenali/gracewrap/examples/http_server/main.go:19.71,22.3 2 0
github.com/arsheenali/gracewrap/examples/http_server/main.go:24.2,42.50 6 0
github.com/arsheenali/gracewrap/examples/http_server/main.go:42.50,44.3 1 0
github.com/arsheenali/gracewrap/examples/http_server/main.go:46.2,55.43 8 0
github.com/arsheenali/gracewrap/examples/http_server/main.go:55.43,57.3 1 0
github.com/arsheenali/gracewrap/examples/http_server/main.go:59.2,59.41 1 0
github.com/arsheenali/gracewrap/config.go:29.29,37.2 1 1
github.com/arsheenali/gracewrap/config.go:40.29,44.58 2 1
github.com/arsheenali/gracewrap/config.go:44.58,45.67 1 1
github.com/arsheenali/gracewrap/config.go:45.67,47.4 1 1
github.com/arsheenali/gracewrap/config.go:51.2,51.62 1 1
github.com/arsheenali/gracewrap/config.go:51.62,52.67 1 1
github.com/arsheenali/gracewrap/config.go:52.67,54.4 1 1
github.com/arsheenali/gracewrap/config.go:58.2,58.51 1 1
github.com/arsheenali/gracewrap/config.go:58.51,59.56 1 1
github.com/arsheenali/gracewrap/config.go:59.56,61.4 1 1
github.com/arsheenali/gracewrap/config.go:64.2,64.12 1 1
github.com/arsheenali/gracewrap/graceful.go:49.36,50.19 1 1
github.com/arsheenali/gracewrap/graceful.go:50.19,53.3 2 1
github.com/arsheenali/gracewrap/graceful.go:55.2,62.28 2 1
github.com/arsheenali/gracewrap/graceful.go:62.28,64.3 1 0
github.com/arsheenali/gracewrap/graceful.go:64.8,66.3 1 1
github.com/arsheenali/gracewrap/graceful.go:69.2,69.28 1 1
github.com/arsheenali/gracewrap/graceful.go:69.28,71.3 1 1
github.com/arsheenali/gracewrap/graceful.go:74.2,76.10 2 1
github.com/arsheenali/gracewrap/graceful.go:81.56,83.27 1 1
github.com/arsheenali/gracewrap/graceful.go:83.27,85.3 1 1
github.com/arsheenali/gracewrap/graceful.go:88.2,88.12 1 1
github.com/arsheenali/gracewrap/graceful.go:88.12,90.80 2 1
github.com/arsheenali/gracewrap/graceful.go:90.80,92.4 1 0
github.com/arsheenali/gracewrap/graceful.go:95.2,96.12 2 1
github.com/arsheenali/gracewrap/graceful.go:100.91,102.27 1 1
github.com/arsheenali/gracewrap/graceful.go:102.27,104.3 1 1
github.com/arsheenali/gracewrap/graceful.go:107.2,107.12 1 1
github.com/arsheenali/gracewrap/graceful.go:107.12,109.79 2 1
github.com/arsheenali/gracewrap/graceful.go:109.79,111.4 1 1
github.com/arsheenali/gracewrap/graceful.go:114.2,116.12 3 1
github.com/arsheenali/gracewrap/graceful.go:120.79,126.12 2 1
github.com/arsheenali/gracewrap/graceful.go:126.12,128.48 2 1
github.com/arsheenali/gracewrap/graceful.go:128.48,130.4 1 1
github.com/arsheenali/gracewrap/graceful.go:133.2,135.12 3 1
github.com/arsheenali/gracewrap/graceful.go:140.74,146.2 2 1
github.com/arsheenali/gracewrap/graceful.go:149.106,151.16 2 1
github.com/arsheenali/gracewrap/graceful.go:151.16,153.3 1 0
github.com/arsheenali/gracewrap/graceful.go:155.2,157.12 2 1
github.com/arsheenali/gracewrap/graceful.go:157.12,159.48 2 1
github.com/arsheenali/gracewrap/graceful.go:159.48,161.4 1 1
github.com/arsheenali/gracewrap/graceful.go:164.2,166.30 3 1
github.com/arsheenali/gracewrap/graceful.go:171.52,176.9 3 1
github.com/arsheenali/gracewrap/graceful.go:177.20,179.15 2 1
github.com/arsheenali/gracewrap/graceful.go:180.22,182.15 2 1
github.com/arsheenali/gracewrap/graceful.go:185.2,185.12 1 1
github.com/arsheenali/gracewrap/graceful.go:190.31,192.2 1 1
github.com/arsheenali/gracewrap/graceful.go:195.33,199.2 3 1
github.com/arsheenali/gracewrap/graceful.go:203.49,204.71 1 1
github.com/arsheenali/gracewrap/graceful.go:204.71,205.16 1 1
github.com/arsheenali/gracewrap/graceful.go:205.16,208.4 2 1
github.com/arsheenali/gracewrap/graceful.go:208.9,210.4 1 1
github.com/arsheenali/gracewrap/graceful.go:216.51,217.71 1 1
github.com/arsheenali/gracewrap/graceful.go:217.71,220.3 2 1
github.com/arsheenali/gracewrap/graceful.go:225.50,226.49 1 1
github.com/arsheenali/gracewrap/graceful.go:226.49,227.72 1 1
github.com/arsheenali/gracewrap/graceful.go:227.72,229.4 1 1
github.com/arsheenali/gracewrap/graceful.go:231.2,231.72 1 1
github.com/arsheenali/gracewrap/metrics.go:22.58,26.21 3 1
github.com/arsheenali/gracewrap/metrics.go:26.21,30.3 3 0
github.com/arsheenali/gracewrap/metrics.go:30.8,33.51 2 1
github.com/arsheenali/gracewrap/metrics.go:33.51,35.4 1 1
github.com/arsheenali/gracewrap/metrics.go:35.9,37.4 1 0
github.com/arsheenali/gracewrap/metrics.go:40.2,80.10 3 1
github.com/arsheenali/gracewrap/metrics.go:84.47,86.2 1 1
github.com/arsheenali/gracewrap/metrics.go:89.29,91.2 1 1
github.com/arsheenali/gracewrap/metrics.go:94.29,96.2 1 1
github.com/arsheenali/gracewrap/metrics.go:99.47,100.11 1 1
github.com/arsheenali/gracewrap/metrics.go:100.11,102.3 1 0
github.com/arsheenali/gracewrap/metrics.go:102.8,104.3 1 1
github.com/arsheenali/gracewrap/metrics.go:108.34,110.2 1 1
github.com/arsheenali/gracewrap/metrics.go:113.67,115.2 1 1
github.com/arsheenali/gracewrap/middleware.go:12.67,13.71 1 1
github.com/arsheenali/gracewrap/middleware.go:13.71,18.23 3 1
github.com/arsheenali/gracewrap/middleware.go:18.23,20.4 1 1
github.com/arsheenali/gracewrap/middleware.go:22.3,22.23 1 1
github.com/arsheenali/gracewrap/middleware.go:32.24,37.22 3 1
github.com/arsheenali/gracewrap/middleware.go:37.22,39.3 1 1
github.com/arsheenali/gracewrap/middleware.go:41.2,41.26 1 1
github.com/arsheenali/gracewrap/middleware.go:50.9,55.22 3 1
github.com/arsheenali/gracewrap/middleware.go:55.22,57.3 1 1
github.com/arsheenali/gracewrap/middleware.go:59.2,59.68 1 1
github.com/arsheenali/gracewrap/middleware.go:69.55,71.2 1 0
github.com/arsheenali/gracewrap/middleware.go:74.55,76.2 1 0
github.com/arsheenali/gracewrap/middleware.go:79.34,85.22 4 1
github.com/arsheenali/gracewrap/middleware.go:85.22,87.3 1 1
github.com/arsheenali/gracewrap/middleware.go:91.34,94.23 3 1
github.com/arsheenali/gracewrap/middleware.go:94.23,96.3 1 1
github.com/arsheenali/gracewrap/middleware.go:97.2,100.22 2 1
github.com/arsheenali/gracewrap/middleware.go:100.22,102.3 1 1
github.com/arsheenali/gracewrap/middleware.go:107.43,108.57 1 1
github.com/arsheenali/gracewrap/middleware.go:108.57,110.3 1 1
github.com/arsheenali/gracewrap/middleware.go:111.2,111.11 1 0
github.com/arsheenali/gracewrap/shutdown.go:13.31,14.23 1 1
github.com/arsheenali/gracewrap/shutdown.go:14.23,18.23 2 1
github.com/arsheenali/gracewrap/shutdown.go:18.23,20.4 1 1
github.com/arsheenali/gracewrap/shutdown.go:23.3,27.40 3 1
github.com/arsheenali/gracewrap/shutdown.go:27.40,28.43 1 1
github.com/arsheenali/gracewrap/shutdown.go:28.43,30.5 1 0
github.com/arsheenali/gracewrap/shutdown.go:34.3,39.10 4 1
github.com/arsheenali/gracewrap/shutdown.go:39.10,41.4 1 0
github.com/arsheenali/gracewrap/shutdown.go:44.3,44.35 1 1
github.com/arsheenali/gracewrap/shutdown.go:44.35,47.4 2 1
github.com/arsheenali/gracewrap/shutdown.go:50.3,50.23 1 1
github.com/arsheenali/gracewrap/shutdown.go:50.23,52.4 1 1
github.com/arsheenali/gracewrap/shutdown.go:54.3,54.49 1 1
github.com/arsheenali/gracewrap/shutdown.go:59.57,63.39 2 1
github.com/arsheenali/gracewrap/shutdown.go:63.39,65.29 2 1
github.com/arsheenali/gracewrap/shutdown.go:65.29,70.44 4 1
github.com/arsheenali/gracewrap/shutdown.go:70.44,72.5 1 0
github.com/arsheenali/gracewrap/shutdown.go:72.10,74.5 1 1
github.com/arsheenali/gracewrap/shutdown.go:79.2,79.39 1 1
github.com/arsheenali/gracewrap/shutdown.go:79.39,81.29 2 1
github.com/arsheenali/gracewrap/shutdown.go:81.29,86.14 3 1
github.com/arsheenali/gracewrap/shutdown.go:86.14,89.5 2 1
github.com/arsheenali/gracewrap/shutdown.go:92.4,95.11 3 1
github.com/arsheenali/gracewrap/shutdown.go:96.16,97.63 1 1
github.com/arsheenali/gracewrap/shutdown.go:98.19,100.15 2 0
github.com/arsheenali/gracewrap/shutdown.go:106.2,106.11 1 1
github.com/arsheenali/gracewrap/shutdown.go:110.61,114.23 3 1
github.com/arsheenali/gracewrap/shutdown.go:114.23,116.26 2 1
github.com/arsheenali/gracewrap/shutdown.go:116.26,118.4 1 0
github.com/arsheenali/gracewrap/shutdown.go:121.3,122.36 2 1
github.com/arsheenali/gracewrap/shutdown.go:122.36,124.4 1 1
github.com/arsheenali/gracewrap/shutdown.go:127.3,129.15 3 1
github.com/arsheenali/gracewrap/shutdown.go:132.2,132.13 1 1
github.com/arsheenali/gracewrap/shutdown.go:136.41,142.22 4 1
github.com/arsheenali/gracewrap/shutdown.go:142.22,144.3 1 1
