mode: set
github.com/imran31415/gracewrap/config.go:32.29,41.2 1 1
github.com/imran31415/gracewrap/config.go:44.29,48.58 2 1
github.com/imran31415/gracewrap/config.go:48.58,49.67 1 1
github.com/imran31415/gracewrap/config.go:49.67,51.4 1 1
github.com/imran31415/gracewrap/config.go:55.2,55.62 1 1
github.com/imran31415/gracewrap/config.go:55.62,56.67 1 1
github.com/imran31415/gracewrap/config.go:56.67,58.4 1 1
github.com/imran31415/gracewrap/config.go:62.2,62.64 1 1
github.com/imran31415/gracewrap/config.go:62.64,63.68 1 1
github.com/imran31415/gracewrap/config.go:63.68,65.4 1 1
github.com/imran31415/gracewrap/config.go:69.2,69.51 1 1
github.com/imran31415/gracewrap/config.go:69.51,70.56 1 1
github.com/imran31415/gracewrap/config.go:70.56,72.4 1 1
github.com/imran31415/gracewrap/config.go:75.2,75.12 1 1
github.com/imran31415/gracewrap/graceful.go:49.36,50.19 1 1
github.com/imran31415/gracewrap/graceful.go:50.19,53.3 2 1
github.com/imran31415/gracewrap/graceful.go:55.2,62.28 2 1
github.com/imran31415/gracewrap/graceful.go:62.28,64.3 1 0
github.com/imran31415/gracewrap/graceful.go:64.8,66.3 1 1
github.com/imran31415/gracewrap/graceful.go:69.2,69.28 1 1
github.com/imran31415/gracewrap/graceful.go:69.28,71.3 1 1
github.com/imran31415/gracewrap/graceful.go:74.2,76.10 2 1
github.com/imran31415/gracewrap/graceful.go:81.56,83.27 1 1
github.com/imran31415/gracewrap/graceful.go:83.27,85.3 1 1
github.com/imran31415/gracewrap/graceful.go:88.2,88.12 1 1
github.com/imran31415/gracewrap/graceful.go:88.12,90.80 2 1
github.com/imran31415/gracewrap/graceful.go:90.80,92.4 1 0
github.com/imran31415/gracewrap/graceful.go:95.2,96.12 2 1
github.com/imran31415/gracewrap/graceful.go:100.91,102.27 1 1
github.com/imran31415/gracewrap/graceful.go:102.27,104.3 1 1
github.com/imran31415/gracewrap/graceful.go:107.2,107.12 1 1
github.com/imran31415/gracewrap/graceful.go:107.12,109.79 2 1
github.com/imran31415/gracewrap/graceful.go:109.79,111.4 1 0
github.com/imran31415/gracewrap/graceful.go:114.2,116.12 3 1
github.com/imran31415/gracewrap/graceful.go:120.79,126.12 2 1
github.com/imran31415/gracewrap/graceful.go:126.12,128.48 2 1
github.com/imran31415/gracewrap/graceful.go:128.48,130.4 1 0
github.com/imran31415/gracewrap/graceful.go:133.2,135.12 3 1
github.com/imran31415/gracewrap/graceful.go:140.74,146.2 2 1
github.com/imran31415/gracewrap/graceful.go:149.106,151.16 2 1
github.com/imran31415/gracewrap/graceful.go:151.16,153.3 1 1
github.com/imran31415/gracewrap/graceful.go:155.2,157.12 2 1
github.com/imran31415/gracewrap/graceful.go:157.12,159.48 2 1
github.com/imran31415/gracewrap/graceful.go:159.48,161.4 1 0
github.com/imran31415/gracewrap/graceful.go:164.2,166.30 3 1
github.com/imran31415/gracewrap/graceful.go:171.52,176.9 3 1
github.com/imran31415/gracewrap/graceful.go:177.20,179.15 2 1
github.com/imran31415/gracewrap/graceful.go:180.22,182.15 2 1
github.com/imran31415/gracewrap/graceful.go:185.2,185.12 1 1
github.com/imran31415/gracewrap/graceful.go:190.31,192.2 1 1
github.com/imran31415/gracewrap/graceful.go:195.33,199.2 3 1
github.com/imran31415/gracewrap/graceful.go:203.49,204.71 1 1
github.com/imran31415/gracewrap/graceful.go:204.71,205.16 1 1
github.com/imran31415/gracewrap/graceful.go:205.16,208.4 2 1
github.com/imran31415/gracewrap/graceful.go:208.9,210.4 1 1
github.com/imran31415/gracewrap/graceful.go:216.51,217.71 1 1
github.com/imran31415/gracewrap/graceful.go:217.71,220.3 2 1
github.com/imran31415/gracewrap/graceful.go:225.50,226.49 1 1
github.com/imran31415/gracewrap/graceful.go:226.49,227.72 1 1
github.com/imran31415/gracewrap/graceful.go:227.72,229.4 1 1
github.com/imran31415/gracewrap/graceful.go:231.2,231.72 1 1
github.com/imran31415/gracewrap/metrics.go:22.58,26.21 3 1
github.com/imran31415/gracewrap/metrics.go:26.21,30.3 3 0
github.com/imran31415/gracewrap/metrics.go:30.8,33.51 2 1
github.com/imran31415/gracewrap/metrics.go:33.51,35.4 1 1
github.com/imran31415/gracewrap/metrics.go:35.9,37.4 1 0
github.com/imran31415/gracewrap/metrics.go:40.2,80.10 3 1
github.com/imran31415/gracewrap/metrics.go:84.47,86.2 1 1
github.com/imran31415/gracewrap/metrics.go:89.29,91.2 1 1
github.com/imran31415/gracewrap/metrics.go:94.29,96.2 1 1
github.com/imran31415/gracewrap/metrics.go:99.47,100.11 1 1
github.com/imran31415/gracewrap/metrics.go:100.11,102.3 1 0
github.com/imran31415/gracewrap/metrics.go:102.8,104.3 1 1
github.com/imran31415/gracewrap/metrics.go:108.34,110.2 1 1
github.com/imran31415/gracewrap/metrics.go:113.67,115.2 1 1
github.com/imran31415/gracewrap/middleware.go:12.67,13.71 1 1
github.com/imran31415/gracewrap/middleware.go:13.71,18.23 3 1
github.com/imran31415/gracewrap/middleware.go:18.23,20.4 1 1
github.com/imran31415/gracewrap/middleware.go:22.3,22.23 1 1
github.com/imran31415/gracewrap/middleware.go:32.24,37.22 3 1
github.com/imran31415/gracewrap/middleware.go:37.22,39.3 1 1
github.com/imran31415/gracewrap/middleware.go:41.2,41.26 1 1
github.com/imran31415/gracewrap/middleware.go:50.9,55.22 3 1
github.com/imran31415/gracewrap/middleware.go:55.22,57.3 1 1
github.com/imran31415/gracewrap/middleware.go:59.2,59.68 1 1
github.com/imran31415/gracewrap/middleware.go:69.55,71.2 1 1
github.com/imran31415/gracewrap/middleware.go:74.55,76.2 1 1
github.com/imran31415/gracewrap/middleware.go:79.34,85.22 4 1
github.com/imran31415/gracewrap/middleware.go:85.22,87.3 1 1
github.com/imran31415/gracewrap/middleware.go:91.34,94.23 3 1
github.com/imran31415/gracewrap/middleware.go:94.23,96.3 1 1
github.com/imran31415/gracewrap/middleware.go:97.2,100.22 2 1
github.com/imran31415/gracewrap/middleware.go:100.22,102.3 1 1
github.com/imran31415/gracewrap/middleware.go:107.43,108.57 1 1
github.com/imran31415/gracewrap/middleware.go:108.57,110.3 1 1
github.com/imran31415/gracewrap/middleware.go:111.2,111.11 1 1
github.com/imran31415/gracewrap/shutdown.go:13.31,14.23 1 1
github.com/imran31415/gracewrap/shutdown.go:14.23,18.23 2 1
github.com/imran31415/gracewrap/shutdown.go:18.23,20.4 1 1
github.com/imran31415/gracewrap/shutdown.go:23.3,27.37 3 1
github.com/imran31415/gracewrap/shutdown.go:27.37,30.4 2 1
github.com/imran31415/gracewrap/shutdown.go:33.3,38.10 4 1
github.com/imran31415/gracewrap/shutdown.go:38.10,40.4 1 0
github.com/imran31415/gracewrap/shutdown.go:43.3,43.35 1 1
github.com/imran31415/gracewrap/shutdown.go:43.35,46.4 2 1
github.com/imran31415/gracewrap/shutdown.go:49.3,49.23 1 1
github.com/imran31415/gracewrap/shutdown.go:49.23,51.4 1 1
github.com/imran31415/gracewrap/shutdown.go:53.3,53.49 1 1
github.com/imran31415/gracewrap/shutdown.go:58.57,62.39 2 1
github.com/imran31415/gracewrap/shutdown.go:62.39,64.29 2 1
github.com/imran31415/gracewrap/shutdown.go:64.29,69.44 4 1
github.com/imran31415/gracewrap/shutdown.go:69.44,71.5 1 0
github.com/imran31415/gracewrap/shutdown.go:71.10,73.5 1 1
github.com/imran31415/gracewrap/shutdown.go:78.2,78.39 1 1
github.com/imran31415/gracewrap/shutdown.go:78.39,80.29 2 1
github.com/imran31415/gracewrap/shutdown.go:80.29,85.14 3 1
github.com/imran31415/gracewrap/shutdown.go:85.14,88.5 2 1
github.com/imran31415/gracewrap/shutdown.go:91.4,94.11 3 1
github.com/imran31415/gracewrap/shutdown.go:95.16,96.63 1 1
github.com/imran31415/gracewrap/shutdown.go:97.19,99.15 2 0
github.com/imran31415/gracewrap/shutdown.go:105.2,105.11 1 1
github.com/imran31415/gracewrap/shutdown.go:109.61,113.23 3 1
github.com/imran31415/gracewrap/shutdown.go:113.23,115.26 2 1
github.com/imran31415/gracewrap/shutdown.go:115.26,117.4 1 1
github.com/imran31415/gracewrap/shutdown.go:120.3,121.36 2 0
github.com/imran31415/gracewrap/shutdown.go:121.36,123.4 1 0
github.com/imran31415/gracewrap/shutdown.go:126.3,128.15 3 0
github.com/imran31415/gracewrap/shutdown.go:131.2,131.13 1 1
github.com/imran31415/gracewrap/shutdown.go:135.41,141.22 4 1
github.com/imran31415/gracewrap/shutdown.go:141.22,143.3 1 1
